<?xml version="1.0" encoding="UTF-8"?>
<!-- Generated by org.testng.reporters.JUnitReportReporter -->
<testsuite skipped="0" hostname="Anakin" name="framework.Framework" tests="2" failures="0" timestamp="25 Aug 2017 10:36:29 GMT" time="0.015" errors="0">
  <testcase name="testcase1" time="0.005" classname="framework.Framework"/>
  <testcase name="testcase2" time="0.010" classname="framework.Framework"/>
</testsuite> <!-- framework.Framework -->
