<?xml version="1.0" encoding="UTF-8"?>
<!-- Generated by org.testng.reporters.JUnitReportReporter -->
<testsuite skipped="0" hostname="Anakin" name="datadriven.Framework" tests="2" failures="0" timestamp="05 Sep 2017 12:04:06 GMT" time="0.016" errors="0">
  <testcase name="testdrivencase" time="0.014" classname="datadriven.Framework"/>
  <testcase name="testdrivencase" time="0.002" classname="datadriven.Framework"/>
</testsuite> <!-- datadriven.Framework -->
