<?xml version="1.0" encoding="UTF-8"?>
<!-- Generated by org.testng.reporters.JUnitReportReporter -->
<testsuite skipped="1" hostname="Anakin" name="framework.Framework2" tests="2" failures="0" timestamp="25 Aug 2017 11:16:16 GMT" time="0.015" errors="0">
  <testcase name="testcase2" time="0.015" classname="framework.Framework2"/>
  <testcase name="testcase3" classname="framework.Framework2">
    <skipped/>
  </testcase> <!-- testcase3 -->
</testsuite> <!-- framework.Framework2 -->
